#
# An unexpected error has been detected by Java Runtime Environment:
#
#  Internal Error (classFileParser.cpp:2923), pid=12788, tid=6372
#  Error: ShouldNotReachHere()
#
# Java VM: Java HotSpot(TM) Client VM (11.0-b15 mixed mode windows-x86)
# If you would like to submit a bug report, please visit:
#   http://java.sun.com/webapps/bugreport/crash.jsp
#

---------------  T H R E A D  ---------------

Current thread (0x00479c00):  JavaThread "Unknown thread" [_thread_in_vm, id=6372, stack(0x00480000,0x004d0000)]

Stack: [0x00480000,0x004d0000]
[error occurred during error reporting (printing stack bounds), id 0xc0000005]


---------------  P R O C E S S  ---------------

Java Threads: ( => current thread )

Other Threads:

=>0x00479c00 (exited) JavaThread "Unknown thread" [_thread_in_vm, id=6372, stack(0x00480000,0x004d0000)]

VM state:not at safepoint (not fully initialized)

VM Mutex/Monitor currently owned by a thread: None

Dynamic libraries:
0x00400000 - 0x00424000 	D:\Users\wnc\Programs\adt-bundle-windows-x86-20130219\eclipse\jre\bin\javaw.exe
0x77800000 - 0x77980000 	C:\Windows\SysWOW64\ntdll.dll
0x76c30000 - 0x76d40000 	C:\Windows\syswow64\kernel32.dll
0x75b40000 - 0x75b87000 	C:\Windows\syswow64\KERNELBASE.dll
0x77210000 - 0x772b1000 	C:\Windows\syswow64\ADVAPI32.dll
0x76a30000 - 0x76adc000 	C:\Windows\syswow64\msvcrt.dll
0x751e0000 - 0x751f9000 	C:\Windows\SysWOW64\sechost.dll
0x76ef0000 - 0x76fe0000 	C:\Windows\syswow64\RPCRT4.dll
0x74c90000 - 0x74cf0000 	C:\Windows\syswow64\SspiCli.dll
0x74c80000 - 0x74c8c000 	C:\Windows\syswow64\CRYPTBASE.dll
0x76fe0000 - 0x770e0000 	C:\Windows\syswow64\USER32.dll
0x76990000 - 0x76a20000 	C:\Windows\syswow64\GDI32.dll
0x76890000 - 0x7689a000 	C:\Windows\syswow64\LPK.dll
0x74db0000 - 0x74e4d000 	C:\Windows\syswow64\USP10.dll
0x76830000 - 0x76890000 	C:\Windows\system32\IMM32.DLL
0x770e0000 - 0x771ac000 	C:\Windows\syswow64\MSCTF.dll
0x7c340000 - 0x7c396000 	D:\Users\wnc\Programs\adt-bundle-windows-x86-20130219\eclipse\jre\bin\msvcr71.dll
0x6d8b0000 - 0x6db06000 	D:\Users\wnc\Programs\adt-bundle-windows-x86-20130219\eclipse\jre\bin\client\jvm.dll
0x76930000 - 0x76962000 	C:\Windows\syswow64\WINMM.dll
0x6fa90000 - 0x6fadc000 	C:\Windows\system32\apphelp.dll
0x6d330000 - 0x6d338000 	D:\Users\wnc\Programs\adt-bundle-windows-x86-20130219\eclipse\jre\bin\hpi.dll
0x75b30000 - 0x75b35000 	C:\Windows\syswow64\PSAPI.DLL
0x6d860000 - 0x6d86c000 	D:\Users\wnc\Programs\adt-bundle-windows-x86-20130219\eclipse\jre\bin\verify.dll
0x6d3d0000 - 0x6d3ef000 	D:\Users\wnc\Programs\adt-bundle-windows-x86-20130219\eclipse\jre\bin\java.dll
0x6d8a0000 - 0x6d8af000 	D:\Users\wnc\Programs\adt-bundle-windows-x86-20130219\eclipse\jre\bin\zip.dll

VM Arguments:
jvm_args: -Dfile.encoding=UTF-8 -Xbootclasspath:D:\Users\wnc\Programs\adt-bundle-windows-x86-20130219\sdk\platforms\android-17\android.jar 
java_command: common.utils.HanZiToPinYin
Launcher Type: SUN_STANDARD

Environment Variables:
JAVA_HOME=D:\Users\wnc\Programs\Java\jdk1.8.0_77
PATH=D:/Users/wnc/Programs/adt-bundle-windows-x86-20130219/eclipse/jre/bin/client;D:/Users/wnc/Programs/adt-bundle-windows-x86-20130219/eclipse/jre/bin;D:/Users/wnc/Programs/adt-bundle-windows-x86-20130219/eclipse/jre/lib/i386;D:\Users\wnc\Programs\ImageMagick-6.8.9-Q16;C:\ProgramData\Oracle\Java\javapath;C:\Program Files (x86)\NVIDIA Corporation\PhysX\Common;C:\Program Files (x86)\Intel\iCLS Client\;C:\Program Files\Intel\iCLS Client\;C:\Windows\system32;C:\Windows;C:\Windows\System32\Wbem;C:\Windows\System32\WindowsPowerShell\v1.0\;C:\Program Files\Intel\Intel(R) Management Engine Components\DAL;C:\Program Files\Intel\Intel(R) Management Engine Components\IPT;C:\Program Files (x86)\Intel\Intel(R) Management Engine Components\DAL;C:\Program Files (x86)\Intel\Intel(R) Management Engine Components\IPT;C:\Program Files\TortoiseSVN\bin;D:\Users\wnc\Programs\Java\jdk1.8.0_77\bin;D:\Users\wnc\Python\Python27;D:\Users\wnc\Python\Python27\Scripts;D:\Users\wnc\Programs\apache-maven-3.2.3\bin;D:\Users\wnc\Programs\redis-window-64bit;D:\Users\wnc\Programs\adt-bundle-windows-x86-20130219\sdk\platform-tools;C:\Program Files (x86)\Microsoft SQL Server\100\Tools\Binn\;C:\Program Files\Microsoft SQL Server\100\Tools\Binn\;C:\Program Files\Microsoft SQL Server\100\DTS\Binn\;D:\Users\wnc\Programs\mysql-5.7.11-winx64\bin;D:\Users\wnc\Programs\Git\cmd;D:\Users\wnc\developer\scala\bin;D:\Users\wnc\±Ø±¸Èí¼þ\ffmpeg;C:\Users\cpr216\AppData\Local\Programs\Python\Python35-32\Scripts\;C:\Users\cpr216\AppData\Local\Programs\Python\Python35-32\;D:\Users\wnc\Programs\adt-bundle-windows-x86-20130219\eclipse;
USERNAME=cpr216
OS=Windows_NT
PROCESSOR_IDENTIFIER=Intel64 Family 6 Model 60 Stepping 3, GenuineIntel



---------------  S Y S T E M  ---------------

OS: Windows NT 6.1 Build 7601 Service Pack 1

CPU:total 4 (8 cores per cpu, 2 threads per core) family 6 model 12 stepping 3, cmov, cx8, fxsr, mmx, sse, sse2, sse3, ssse3, ht

Memory: 4k page, physical 4194303k(1885596k free), swap 4194303k(4194303k free)

vm_info: Java HotSpot(TM) Client VM (11.0-b15) for windows-x86 JRE (1.6.0_10-rc2-b32), built on Sep 12 2008 00:52:11 by "java_re" with MS VC++ 7.1

time: Tue Aug 23 11:49:59 2016
elapsed time: 0 seconds

